<?xml version="1.0" encoding="UTF-8"?>
<!-- Generated by org.testng.reporters.JUnitReportReporter -->
<testsuite hostname="LAPTOP-GL6IC0TT" failures="0" tests="1" name="TestRunner.MyTestRunner" time="30.847" errors="0" timestamp="2025-08-26T09:11:21 IST" skipped="0">
  <testcase classname="TestRunner.MyTestRunner" name="runScenario" time="30.847"/>
</testsuite> <!-- TestRunner.MyTestRunner -->
